[02:26:50:798][org.zkoss.fiddle.composer.SourceCodeEditorComposer-doAfterCompose] 2lh97f:1:view
[02:28:08:407][org.zkoss.fiddle.composer.SourceCodeEditorComposer-doAfterCompose] 2lh97f:1:view
[02:28:15:734][org.zkoss.fiddle.composer.SourceCodeEditorComposer$1-onEvent] 2lh97f:1:run
[02:28:15:952][org.zkoss.fiddle.filter.FiddleDataFilter-doFilter] doFilter(ServletRequest, ServletResponse, FilterChain) - start
[02:28:15:953][org.zkoss.fiddle.filter.FiddleDataFilter-renderCase] renderCase(String, Integer, ServletResponse) - start
[02:28:15:956][org.zkoss.fiddle.filter.FiddleDataFilter-renderResources] renderResources(List<Resource>) - start
[02:28:15:957][org.zkoss.fiddle.filter.FiddleDataFilter-renderResources] renderResources(List<Resource>) - end
[02:28:15:958][org.zkoss.fiddle.filter.FiddleDataFilter-renderCase] renderCase(String, Integer, ServletResponse) - end
[02:28:15:958][org.zkoss.fiddle.filter.FiddleDataFilter-doFilter] doFilter(ServletRequest, ServletResponse, FilterChain) - end
[02:28:51:243][org.zkoss.fiddle.composer.SourceCodeEditorComposer$1-onEvent] 2lh97f:1:run-temp
[02:28:51:373][org.zkoss.fiddle.filter.FiddleDataFilter-doFilter] doFilter(ServletRequest, ServletResponse, FilterChain) - start
[02:28:51:373][org.zkoss.fiddle.filter.FiddleDataFilter-renderVisualCase] renderVisualCase(String, Integer, ServletResponse) - start
[02:28:51:374][org.zkoss.fiddle.filter.FiddleDataFilter-renderResources] renderResources(List<Resource>) - start
[02:28:51:374][org.zkoss.fiddle.filter.FiddleDataFilter-renderResources] renderResources(List<Resource>) - end
[02:28:51:374][org.zkoss.fiddle.filter.FiddleDataFilter-renderVisualCase] renderVisualCase(String, Integer, ServletResponse) - end
[02:28:51:375][org.zkoss.fiddle.filter.FiddleDataFilter-doFilter] doFilter(ServletRequest, ServletResponse, FilterChain) - end
[02:31:07:998][org.zkoss.fiddle.composer.SourceCodeEditorComposer-doAfterCompose] 1hots9q:1:view
[02:31:11:499][org.zkoss.fiddle.composer.SourceCodeEditorComposer$1-onEvent] 1hots9q:1:run
[02:31:11:725][org.zkoss.fiddle.filter.FiddleDataFilter-doFilter] doFilter(ServletRequest, ServletResponse, FilterChain) - start
[02:31:11:725][org.zkoss.fiddle.filter.FiddleDataFilter-renderCase] renderCase(String, Integer, ServletResponse) - start
[02:31:11:732][org.zkoss.fiddle.filter.FiddleDataFilter-renderResources] renderResources(List<Resource>) - start
[02:31:11:733][org.zkoss.fiddle.filter.FiddleDataFilter-renderResources] renderResources(List<Resource>) - end
[02:31:11:735][org.zkoss.fiddle.filter.FiddleDataFilter-renderCase] renderCase(String, Integer, ServletResponse) - end
[02:31:11:735][org.zkoss.fiddle.filter.FiddleDataFilter-doFilter] doFilter(ServletRequest, ServletResponse, FilterChain) - end
[02:32:10:363][org.zkoss.fiddle.composer.SourceCodeEditorComposer-doAfterCompose] ehcj0r:1:view
[02:32:35:872][org.zkoss.fiddle.composer.SourceCodeEditorComposer-doAfterCompose] ehcj0r:1:view
[02:32:43:163][org.zkoss.fiddle.composer.SourceCodeEditorComposer-doAfterCompose] ehcj0r:1:view
[02:36:40:256][org.zkoss.fiddle.composer.SourceCodeEditorComposer-doAfterCompose] recorder amount:ehcj0r:0:4
[02:36:40:261][org.zkoss.fiddle.composer.SourceCodeEditorComposer-doAfterCompose] recorder amount:ehcj0r:1:0
[02:36:40:261][org.zkoss.fiddle.composer.SourceCodeEditorComposer-doAfterCompose] recorder amount:ehcj0r:3:0
[02:36:40:262][org.zkoss.fiddle.composer.SourceCodeEditorComposer-doAfterCompose] recorder amount:ehcj0r:2:0
[02:36:40:304][org.zkoss.fiddle.composer.SourceCodeEditorComposer-doAfterCompose] ehcj0r:1:view
[02:36:47:649][org.zkoss.fiddle.composer.SourceCodeEditorComposer-doAfterCompose] recorder amount:ehcj0r:0:5
[02:36:47:650][org.zkoss.fiddle.composer.SourceCodeEditorComposer-doAfterCompose] recorder amount:ehcj0r:1:0
[02:36:47:650][org.zkoss.fiddle.composer.SourceCodeEditorComposer-doAfterCompose] recorder amount:ehcj0r:3:0
[02:36:47:650][org.zkoss.fiddle.composer.SourceCodeEditorComposer-doAfterCompose] recorder amount:ehcj0r:2:0
[02:36:47:651][org.zkoss.fiddle.composer.SourceCodeEditorComposer-doAfterCompose] recorder amount:ehcj0r:0:1
[02:36:47:651][org.zkoss.fiddle.composer.SourceCodeEditorComposer-doAfterCompose] recorder amount:ehcj0r:1:0
[02:36:47:652][org.zkoss.fiddle.composer.SourceCodeEditorComposer-doAfterCompose] recorder amount:ehcj0r:3:0
[02:36:47:652][org.zkoss.fiddle.composer.SourceCodeEditorComposer-doAfterCompose] recorder amount:ehcj0r:2:0
[02:36:47:654][org.zkoss.fiddle.composer.SourceCodeEditorComposer-doAfterCompose] ehcj0r:2:view
[02:36:54:861][org.zkoss.fiddle.composer.SourceCodeEditorComposer-doAfterCompose] recorder amount:ehcj0r:0:5
[02:36:54:861][org.zkoss.fiddle.composer.SourceCodeEditorComposer-doAfterCompose] recorder amount:ehcj0r:1:0
[02:36:54:863][org.zkoss.fiddle.composer.SourceCodeEditorComposer-doAfterCompose] recorder amount:ehcj0r:3:0
[02:36:54:863][org.zkoss.fiddle.composer.SourceCodeEditorComposer-doAfterCompose] recorder amount:ehcj0r:2:0
[02:36:54:864][org.zkoss.fiddle.composer.SourceCodeEditorComposer-doAfterCompose] recorder amount:ehcj0r:0:2
[02:36:54:864][org.zkoss.fiddle.composer.SourceCodeEditorComposer-doAfterCompose] recorder amount:ehcj0r:1:0
[02:36:54:865][org.zkoss.fiddle.composer.SourceCodeEditorComposer-doAfterCompose] recorder amount:ehcj0r:3:0
[02:36:54:865][org.zkoss.fiddle.composer.SourceCodeEditorComposer-doAfterCompose] recorder amount:ehcj0r:2:0
[02:36:54:867][org.zkoss.fiddle.composer.SourceCodeEditorComposer-doAfterCompose] ehcj0r:2:view
[02:36:55:888][org.zkoss.fiddle.composer.SourceCodeEditorComposer-doAfterCompose] recorder amount:ehcj0r:0:5
[02:36:55:888][org.zkoss.fiddle.composer.SourceCodeEditorComposer-doAfterCompose] recorder amount:ehcj0r:1:0
[02:36:55:889][org.zkoss.fiddle.composer.SourceCodeEditorComposer-doAfterCompose] recorder amount:ehcj0r:3:0
[02:36:55:889][org.zkoss.fiddle.composer.SourceCodeEditorComposer-doAfterCompose] recorder amount:ehcj0r:2:0
[02:36:55:889][org.zkoss.fiddle.composer.SourceCodeEditorComposer-doAfterCompose] recorder amount:ehcj0r:0:3
[02:36:55:890][org.zkoss.fiddle.composer.SourceCodeEditorComposer-doAfterCompose] recorder amount:ehcj0r:1:0
[02:36:55:890][org.zkoss.fiddle.composer.SourceCodeEditorComposer-doAfterCompose] recorder amount:ehcj0r:3:0
[02:36:55:891][org.zkoss.fiddle.composer.SourceCodeEditorComposer-doAfterCompose] recorder amount:ehcj0r:2:0
[02:36:55:892][org.zkoss.fiddle.composer.SourceCodeEditorComposer-doAfterCompose] ehcj0r:2:view
[02:36:57:619][org.zkoss.fiddle.composer.SourceCodeEditorComposer-doAfterCompose] recorder amount:ehcj0r:0:5
[02:36:57:620][org.zkoss.fiddle.composer.SourceCodeEditorComposer-doAfterCompose] recorder amount:ehcj0r:1:0
[02:36:57:620][org.zkoss.fiddle.composer.SourceCodeEditorComposer-doAfterCompose] recorder amount:ehcj0r:3:0
[02:36:57:621][org.zkoss.fiddle.composer.SourceCodeEditorComposer-doAfterCompose] recorder amount:ehcj0r:2:0
[02:36:57:621][org.zkoss.fiddle.composer.SourceCodeEditorComposer-doAfterCompose] recorder amount:ehcj0r:0:4
[02:36:57:621][org.zkoss.fiddle.composer.SourceCodeEditorComposer-doAfterCompose] recorder amount:ehcj0r:1:0
[02:36:57:622][org.zkoss.fiddle.composer.SourceCodeEditorComposer-doAfterCompose] recorder amount:ehcj0r:3:0
[02:36:57:622][org.zkoss.fiddle.composer.SourceCodeEditorComposer-doAfterCompose] recorder amount:ehcj0r:2:0
[02:36:57:624][org.zkoss.fiddle.composer.SourceCodeEditorComposer-doAfterCompose] ehcj0r:2:view
[02:36:58:500][org.zkoss.fiddle.composer.SourceCodeEditorComposer-doAfterCompose] recorder amount:ehcj0r:0:5
[02:36:58:500][org.zkoss.fiddle.composer.SourceCodeEditorComposer-doAfterCompose] recorder amount:ehcj0r:1:0
[02:36:58:501][org.zkoss.fiddle.composer.SourceCodeEditorComposer-doAfterCompose] recorder amount:ehcj0r:3:0
[02:36:58:501][org.zkoss.fiddle.composer.SourceCodeEditorComposer-doAfterCompose] recorder amount:ehcj0r:2:0
[02:36:58:502][org.zkoss.fiddle.composer.SourceCodeEditorComposer-doAfterCompose] recorder amount:ehcj0r:0:5
[02:36:58:502][org.zkoss.fiddle.composer.SourceCodeEditorComposer-doAfterCompose] recorder amount:ehcj0r:1:0
[02:36:58:503][org.zkoss.fiddle.composer.SourceCodeEditorComposer-doAfterCompose] recorder amount:ehcj0r:3:0
[02:36:58:503][org.zkoss.fiddle.composer.SourceCodeEditorComposer-doAfterCompose] recorder amount:ehcj0r:2:0
[02:36:58:505][org.zkoss.fiddle.composer.SourceCodeEditorComposer-doAfterCompose] ehcj0r:2:view
[02:37:04:542][org.zkoss.fiddle.composer.SourceCodeEditorComposer-doAfterCompose] recorder amount:ehcj0r:0:5
[02:37:04:542][org.zkoss.fiddle.composer.SourceCodeEditorComposer-doAfterCompose] recorder amount:ehcj0r:1:0
[02:37:04:543][org.zkoss.fiddle.composer.SourceCodeEditorComposer-doAfterCompose] recorder amount:ehcj0r:3:0
[02:37:04:543][org.zkoss.fiddle.composer.SourceCodeEditorComposer-doAfterCompose] recorder amount:ehcj0r:2:0
[02:37:04:543][org.zkoss.fiddle.composer.SourceCodeEditorComposer-doAfterCompose] recorder amount:ehcj0r:0:6
[02:37:04:544][org.zkoss.fiddle.composer.SourceCodeEditorComposer-doAfterCompose] recorder amount:ehcj0r:1:0
[02:37:04:544][org.zkoss.fiddle.composer.SourceCodeEditorComposer-doAfterCompose] recorder amount:ehcj0r:3:0
[02:37:04:544][org.zkoss.fiddle.composer.SourceCodeEditorComposer-doAfterCompose] recorder amount:ehcj0r:2:0
[02:37:04:546][org.zkoss.fiddle.composer.SourceCodeEditorComposer-doAfterCompose] ehcj0r:2:view
[02:37:18:138][org.zkoss.fiddle.composer.SourceCodeEditorComposer-doAfterCompose] recorder amount:ehcj0r:0:5
[02:37:18:138][org.zkoss.fiddle.composer.SourceCodeEditorComposer-doAfterCompose] recorder amount:ehcj0r:1:0
[02:37:18:138][org.zkoss.fiddle.composer.SourceCodeEditorComposer-doAfterCompose] recorder amount:ehcj0r:3:0
[02:37:18:139][org.zkoss.fiddle.composer.SourceCodeEditorComposer-doAfterCompose] recorder amount:ehcj0r:2:0
[02:37:18:139][org.zkoss.fiddle.composer.SourceCodeEditorComposer-doAfterCompose] recorder amount:ehcj0r:0:7
[02:37:18:140][org.zkoss.fiddle.composer.SourceCodeEditorComposer-doAfterCompose] recorder amount:ehcj0r:1:0
[02:37:18:140][org.zkoss.fiddle.composer.SourceCodeEditorComposer-doAfterCompose] recorder amount:ehcj0r:3:0
[02:37:18:140][org.zkoss.fiddle.composer.SourceCodeEditorComposer-doAfterCompose] recorder amount:ehcj0r:2:0
[02:37:18:142][org.zkoss.fiddle.composer.SourceCodeEditorComposer-doAfterCompose] ehcj0r:2:view
[02:37:27:266][org.zkoss.fiddle.composer.SourceCodeEditorComposer$1-onEvent] ehcj0r:2:run
[02:37:27:566][org.zkoss.fiddle.filter.FiddleDataFilter-doFilter] doFilter(ServletRequest, ServletResponse, FilterChain) - start
[02:37:27:566][org.zkoss.fiddle.filter.FiddleDataFilter-renderCase] renderCase(String, Integer, ServletResponse) - start
[02:37:27:570][org.zkoss.fiddle.filter.FiddleDataFilter-renderResources] renderResources(List<Resource>) - start
[02:37:27:571][org.zkoss.fiddle.filter.FiddleDataFilter-renderResources] renderResources(List<Resource>) - end
[02:37:27:573][org.zkoss.fiddle.filter.FiddleDataFilter-renderCase] renderCase(String, Integer, ServletResponse) - end
[02:37:27:574][org.zkoss.fiddle.filter.FiddleDataFilter-doFilter] doFilter(ServletRequest, ServletResponse, FilterChain) - end
[02:37:33:369][org.zkoss.fiddle.composer.SourceCodeEditorComposer-doAfterCompose] recorder amount:ehcj0r:0:5
[02:37:33:369][org.zkoss.fiddle.composer.SourceCodeEditorComposer-doAfterCompose] recorder amount:ehcj0r:1:0
[02:37:33:370][org.zkoss.fiddle.composer.SourceCodeEditorComposer-doAfterCompose] recorder amount:ehcj0r:3:0
[02:37:33:370][org.zkoss.fiddle.composer.SourceCodeEditorComposer-doAfterCompose] recorder amount:ehcj0r:2:0
[02:37:33:371][org.zkoss.fiddle.composer.SourceCodeEditorComposer-doAfterCompose] recorder amount:ehcj0r:0:8
[02:37:33:371][org.zkoss.fiddle.composer.SourceCodeEditorComposer-doAfterCompose] recorder amount:ehcj0r:1:0
[02:37:33:372][org.zkoss.fiddle.composer.SourceCodeEditorComposer-doAfterCompose] recorder amount:ehcj0r:3:1
[02:37:33:372][org.zkoss.fiddle.composer.SourceCodeEditorComposer-doAfterCompose] recorder amount:ehcj0r:2:0
[02:37:33:374][org.zkoss.fiddle.composer.SourceCodeEditorComposer-doAfterCompose] ehcj0r:2:view
[02:37:37:890][org.zkoss.fiddle.composer.SourceCodeEditorComposer$1-onEvent] ehcj0r:2:run
[02:37:43:214][org.zkoss.fiddle.composer.SourceCodeEditorComposer-doAfterCompose] recorder amount:ehcj0r:0:5
[02:37:43:214][org.zkoss.fiddle.composer.SourceCodeEditorComposer-doAfterCompose] recorder amount:ehcj0r:1:0
[02:37:43:215][org.zkoss.fiddle.composer.SourceCodeEditorComposer-doAfterCompose] recorder amount:ehcj0r:3:0
[02:37:43:215][org.zkoss.fiddle.composer.SourceCodeEditorComposer-doAfterCompose] recorder amount:ehcj0r:2:0
[02:37:43:215][org.zkoss.fiddle.composer.SourceCodeEditorComposer-doAfterCompose] recorder amount:ehcj0r:0:9
[02:37:43:216][org.zkoss.fiddle.composer.SourceCodeEditorComposer-doAfterCompose] recorder amount:ehcj0r:1:0
[02:37:43:216][org.zkoss.fiddle.composer.SourceCodeEditorComposer-doAfterCompose] recorder amount:ehcj0r:3:2
[02:37:43:217][org.zkoss.fiddle.composer.SourceCodeEditorComposer-doAfterCompose] recorder amount:ehcj0r:2:0
[02:37:43:218][org.zkoss.fiddle.composer.SourceCodeEditorComposer-doAfterCompose] ehcj0r:2:view
[02:37:53:920][org.zkoss.fiddle.composer.SourceCodeEditorComposer$1-onEvent] ehcj0r:2:run-temp
[02:37:54:127][org.zkoss.fiddle.filter.FiddleDataFilter-doFilter] doFilter(ServletRequest, ServletResponse, FilterChain) - start
[02:37:54:128][org.zkoss.fiddle.filter.FiddleDataFilter-renderVisualCase] renderVisualCase(String, Integer, ServletResponse) - start
[02:37:54:129][org.zkoss.fiddle.filter.FiddleDataFilter-renderResources] renderResources(List<Resource>) - start
[02:37:54:131][org.zkoss.fiddle.filter.FiddleDataFilter-renderResources] renderResources(List<Resource>) - end
[02:37:54:132][org.zkoss.fiddle.filter.FiddleDataFilter-renderVisualCase] renderVisualCase(String, Integer, ServletResponse) - end
[02:37:54:133][org.zkoss.fiddle.filter.FiddleDataFilter-doFilter] doFilter(ServletRequest, ServletResponse, FilterChain) - end
[02:38:00:950][org.zkoss.fiddle.composer.SourceCodeEditorComposer-doAfterCompose] recorder amount:ehcj0r:0:5
[02:38:00:950][org.zkoss.fiddle.composer.SourceCodeEditorComposer-doAfterCompose] recorder amount:ehcj0r:1:0
[02:38:00:950][org.zkoss.fiddle.composer.SourceCodeEditorComposer-doAfterCompose] recorder amount:ehcj0r:3:0
[02:38:00:951][org.zkoss.fiddle.composer.SourceCodeEditorComposer-doAfterCompose] recorder amount:ehcj0r:2:0
[02:38:00:951][org.zkoss.fiddle.composer.SourceCodeEditorComposer-doAfterCompose] recorder amount:ehcj0r:0:10
[02:38:00:952][org.zkoss.fiddle.composer.SourceCodeEditorComposer-doAfterCompose] recorder amount:ehcj0r:1:0
[02:38:00:952][org.zkoss.fiddle.composer.SourceCodeEditorComposer-doAfterCompose] recorder amount:ehcj0r:3:2
[02:38:00:952][org.zkoss.fiddle.composer.SourceCodeEditorComposer-doAfterCompose] recorder amount:ehcj0r:2:1
[02:38:00:954][org.zkoss.fiddle.composer.SourceCodeEditorComposer-doAfterCompose] ehcj0r:2:view
